Arguments: 
  C:\Program Files\nodejs\node.exe C:\Users\11989\AppData\Roaming\npm\node_modules\yarn\bin\yarn.js add kos-jwt jsonwebtoken

PATH: 
  C:\Program Files (x86)\Common Files\Oracle\Java\javapath;C:\ProgramData\Anaconda3;C:\ProgramData\Anaconda3\Library\mingw-w64\bin;C:\ProgramData\Anaconda3\Library\usr\bin;C:\ProgramData\Anaconda3\Library\bin;C:\ProgramData\Anaconda3\Scripts;C:\Program Files (x86)\Intel\iCLS Client\;C:\Program Files\Intel\iCLS Client\;C:\windows\system32;C:\windows;C:\windows\System32\Wbem;C:\windows\System32\WindowsPowerShell\v1.0\;C:\Program Files (x86)\Intel\Intel(R) Management Engine Components\DAL;C:\Program Files\Intel\Intel(R) Management Engine Components\DAL;C:\Program Files (x86)\Intel\Intel(R) Management Engine Components\IPT;C:\Program Files\Intel\Intel(R) Management Engine Components\IPT;C:\Program Files (x86)\NVIDIA Corporation\PhysX\Common;C:\WINDOWS\system32;C:\WINDOWS;C:\WINDOWS\System32\Wbem;C:\WINDOWS\System32\WindowsPowerShell\v1.0\;C:\WINDOWS\System32\OpenSSH\;C:\Qt\Qt5.11.2\5.11.2\mingw53_32\bin;C:\Program Files\dotnet\;C:\Program Files\MySQL\MySQL Server 8.0\bin;C:\Program Files\Git\cmd;C:\Program Files\Java\jdk1.8.0_201\\bin;C:\Program Files\Java\jdk1.8.0_201\\jre\bin;C:\Program Files\Intel\WiFi\bin\;C:\Program Files\Common Files\Intel\WirelessCommon\;C:\Program Files\Microsoft SQL Server\Client SDK\ODBC\130\Tools\Binn\;C:\Program Files (x86)\Microsoft SQL Server\140\Tools\Binn\;C:\Program Files\Microsoft SQL Server\140\Tools\Binn\;C:\Program Files\Microsoft SQL Server\140\DTS\Binn\;C:\Program Files (x86)\Microsoft SQL Server\150\DTS\Binn\;C:\Program Files\Microsoft SQL Server\130\Tools\Binn\;C:\MinGW\bin;‪C:\neo4j-community-3.4.15\bin;C:\Program Files\MongoDB\Server\4.0\bin;C:\Program Files\CMake\bin;C:\Program Files\nodejs\;C:\Users\11989\AppData\Local\Microsoft\WindowsApps;C:\Users\11989\AppData\Local\Programs\Microsoft VS Code\bin;C:\Users\11989\AppData\Roaming\npm

Yarn version: 
  1.17.3

Node version: 
  10.16.3

Platform: 
  win32 x64

Trace: 
  Error: https://registry.npm.taobao.org/kos-jwt: Not found
      at Request.params.callback [as _callback] (C:\Users\11989\AppData\Roaming\npm\node_modules\yarn\lib\cli.js:66830:18)
      at Request.self.callback (C:\Users\11989\AppData\Roaming\npm\node_modules\yarn\lib\cli.js:140464:22)
      at Request.emit (events.js:198:13)
      at Request.<anonymous> (C:\Users\11989\AppData\Roaming\npm\node_modules\yarn\lib\cli.js:141436:10)
      at Request.emit (events.js:198:13)
      at IncomingMessage.<anonymous> (C:\Users\11989\AppData\Roaming\npm\node_modules\yarn\lib\cli.js:141358:12)
      at Object.onceWrapper (events.js:286:20)
      at IncomingMessage.emit (events.js:203:15)
      at endReadableNT (_stream_readable.js:1145:12)
      at process._tickCallback (internal/process/next_tick.js:63:19)

npm manifest: 
  {
    "name": "free-chat",
    "version": "1.0.0",
    "description": "作为数字媒体资源管理的作业,同时也跑一遍前后端",
    "main": "index.js",
    "scripts": {
      "test": "echo \"Error: no test specified\" && exit 1"
    },
    "author": "SuperLuckyBo",
    "license": "MIT",
    "dependencies": {
      "ioredis": "^4.14.1",
      "koa": "^2.10.0",
      "koa-bodyparser": "^4.2.1",
      "koa-json-error": "^3.1.2",
      "koa-parameter": "^3.0.1",
      "koa-router": "^7.4.0",
      "mysql": "^2.17.1",
      "path": "^0.12.7"
    }
  }

yarn manifest: 
  No manifest

Lockfile: 
  # THIS IS AN AUTOGENERATED FILE. DO NOT EDIT THIS FILE DIRECTLY.
  # yarn lockfile v1
  
  
  accepts@^1.3.5:
    version "1.3.7"
    resolved "https://registry.npm.taobao.org/accepts/download/accepts-1.3.7.tgz#531bc726517a3b2b41f850021c6cc15eaab507cd"
    integrity sha1-UxvHJlF6OytB+FACHGzBXqq1B80=
    dependencies:
      mime-types "~2.1.24"
      negotiator "0.6.2"
  
  any-promise@^1.1.0:
    version "1.3.0"
    resolved "https://registry.npm.taobao.org/any-promise/download/any-promise-1.3.0.tgz#abc6afeedcea52e809cdc0376aed3ce39635d17f"
    integrity sha1-q8av7tzqUugJzcA3au0845Y10X8=
  
  bignumber.js@7.2.1:
    version "7.2.1"
    resolved "https://registry.npm.taobao.org/bignumber.js/download/bignumber.js-7.2.1.tgz#80c048759d826800807c4bfd521e50edbba57a5f"
    integrity sha1-gMBIdZ2CaACAfEv9Uh5Q7bulel8=
  
  bytes@3.1.0:
    version "3.1.0"
    resolved "https://registry.npm.taobao.org/bytes/download/bytes-3.1.0.tgz#f6cf7933a360e0588fa9fde85651cdc7f805d1f6"
    integrity sha1-9s95M6Ng4FiPqf3oVlHNx/gF0fY=
  
  cache-content-type@^1.0.0:
    version "1.0.1"
    resolved "https://registry.npm.taobao.org/cache-content-type/download/cache-content-type-1.0.1.tgz#035cde2b08ee2129f4a8315ea8f00a00dba1453c"
    integrity sha1-A1zeKwjuISn0qDFeqPAKANuhRTw=
    dependencies:
      mime-types "^2.1.18"
      ylru "^1.2.0"
  
  cluster-key-slot@^1.1.0:
    version "1.1.0"
    resolved "https://registry.npm.taobao.org/cluster-key-slot/download/cluster-key-slot-1.1.0.tgz?cache=0&other_urls=https%3A%2F%2Fregistry.npm.taobao.org%2Fcluster-key-slot%2Fdownload%2Fcluster-key-slot-1.1.0.tgz#30474b2a981fb12172695833052bc0d01336d10d"
    integrity sha1-MEdLKpgfsSFyaVgzBSvA0BM20Q0=
  
  co-body@^6.0.0:
    version "6.0.0"
    resolved "https://registry.npm.taobao.org/co-body/download/co-body-6.0.0.tgz#965b9337d7f5655480787471f4237664820827e3"
    integrity sha1-lluTN9f1ZVSAeHRx9CN2ZIIIJ+M=
    dependencies:
      inflation "^2.0.0"
      qs "^6.5.2"
      raw-body "^2.3.3"
      type-is "^1.6.16"
  
  co@^4.6.0:
    version "4.6.0"
    resolved "https://registry.npm.taobao.org/co/download/co-4.6.0.tgz#6ea6bdf3d853ae54ccb8e47bfa0bf3f9031fb184"
    integrity sha1-bqa989hTrlTMuOR7+gvz+QMfsYQ=
  
  content-disposition@~0.5.2:
    version "0.5.3"
    resolved "https://registry.npm.taobao.org/content-disposition/download/content-disposition-0.5.3.tgz#e130caf7e7279087c5616c2007d0485698984fbd"
    integrity sha1-4TDK9+cnkIfFYWwgB9BIVpiYT70=
    dependencies:
      safe-buffer "5.1.2"
  
  content-type@^1.0.4:
    version "1.0.4"
    resolved "https://registry.npm.taobao.org/content-type/download/content-type-1.0.4.tgz#e138cc75e040c727b1966fe5e5f8c9aee256fe3b"
    integrity sha1-4TjMdeBAxyexlm/l5fjJruJW/js=
  
  cookies@~0.8.0:
    version "0.8.0"
    resolved "https://registry.npm.taobao.org/cookies/download/cookies-0.8.0.tgz?cache=0&sync_timestamp=1570851324736&other_urls=https%3A%2F%2Fregistry.npm.taobao.org%2Fcookies%2Fdownload%2Fcookies-0.8.0.tgz#1293ce4b391740a8406e3c9870e828c4b54f3f90"
    integrity sha1-EpPOSzkXQKhAbjyYcOgoxLVPP5A=
    dependencies:
      depd "~2.0.0"
      keygrip "~1.1.0"
  
  copy-to@^2.0.1:
    version "2.0.1"
    resolved "https://registry.npm.taobao.org/copy-to/download/copy-to-2.0.1.tgz#2680fbb8068a48d08656b6098092bdafc906f4a5"
    integrity sha1-JoD7uAaKSNCGVrYJgJK9r8kG9KU=
  
  core-util-is@~1.0.0:
    version "1.0.2"
    resolved "https://registry.npm.taobao.org/core-util-is/download/core-util-is-1.0.2.tgz#b5fd54220aa2bc5ab57aab7140c940754503c1a7"
    integrity sha1-tf1UIgqivFq1eqtxQMlAdUUDwac=
  
  debug@^3.1.0:
    version "3.2.6"
    resolved "https://registry.npm.taobao.org/debug/download/debug-3.2.6.tgz#e83d17de16d8a7efb7717edbe5fb10135eee629b"
    integrity sha1-6D0X3hbYp++3cX7b5fsQE17uYps=
    dependencies:
      ms "^2.1.1"
  
  debug@^4.1.1:
    version "4.1.1"
    resolved "https://registry.npm.taobao.org/debug/download/debug-4.1.1.tgz#3b72260255109c6b589cee050f1d516139664791"
    integrity sha1-O3ImAlUQnGtYnO4FDx1RYTlmR5E=
    dependencies:
      ms "^2.1.1"
  
  debug@~3.1.0:
    version "3.1.0"
    resolved "https://registry.npm.taobao.org/debug/download/debug-3.1.0.tgz#5bb5a0672628b64149566ba16819e61518c67261"
    integrity sha1-W7WgZyYotkFJVmuhaBnmFRjGcmE=
    dependencies:
      ms "2.0.0"
  
  deep-equal@~1.0.1:
    version "1.0.1"
    resolved "https://registry.npm.taobao.org/deep-equal/download/deep-equal-1.0.1.tgz#f5d260292b660e084eff4cdbc9f08ad3247448b5"
    integrity sha1-9dJgKStmDghO/0zbyfCK0yR0SLU=
  
  delegates@^1.0.0:
    version "1.0.0"
    resolved "https://registry.npm.taobao.org/delegates/download/delegates-1.0.0.tgz#84c6e159b81904fdca59a0ef44cd870d31250f9a"
    integrity sha1-hMbhWbgZBP3KWaDvRM2HDTElD5o=
  
  denque@^1.1.0:
    version "1.4.1"
    resolved "https://registry.npm.taobao.org/denque/download/denque-1.4.1.tgz#6744ff7641c148c3f8a69c307e51235c1f4a37cf"
    integrity sha1-Z0T/dkHBSMP4ppwwflEjXB9KN88=
  
  depd@^1.1.2, depd@~1.1.2:
    version "1.1.2"
    resolved "https://registry.npm.taobao.org/depd/download/depd-1.1.2.tgz#9bcd52e14c097763e749b274c4346ed2e560b5a9"
    integrity sha1-m81S4UwJd2PnSbJ0xDRu0uVgtak=
  
  depd@~2.0.0:
    version "2.0.0"
    resolved "https://registry.npm.taobao.org/depd/download/depd-2.0.0.tgz#b696163cc757560d09cf22cc8fad1571b79e76df"
    integrity sha1-tpYWPMdXVg0JzyLMj60Vcbeedt8=
  
  destroy@^1.0.4:
    version "1.0.4"
    resolved "https://registry.npm.taobao.org/destroy/download/destroy-1.0.4.tgz#978857442c44749e4206613e37946205826abd80"
    integrity sha1-l4hXRCxEdJ5CBmE+N5RiBYJqvYA=
  
  ee-first@1.1.1:
    version "1.1.1"
    resolved "https://registry.npm.taobao.org/ee-first/download/ee-first-1.1.1.tgz#590c61156b0ae2f4f0255732a158b266bc56b21d"
    integrity sha1-WQxhFWsK4vTwJVcyoViyZrxWsh0=
  
  encodeurl@^1.0.2:
    version "1.0.2"
    resolved "https://registry.npm.taobao.org/encodeurl/download/encodeurl-1.0.2.tgz#ad3ff4c86ec2d029322f5a02c3a9a606c95b3f59"
    integrity sha1-rT/0yG7C0CkyL1oCw6mmBslbP1k=
  
  error-inject@^1.0.0:
    version "1.0.0"
    resolved "https://registry.npm.taobao.org/error-inject/download/error-inject-1.0.0.tgz#e2b3d91b54aed672f309d950d154850fa11d4f37"
    integrity sha1-4rPZG1Su1nLzCdlQ0VSFD6EdTzc=
  
  escape-html@^1.0.3:
    version "1.0.3"
    resolved "https://registry.npm.taobao.org/escape-html/download/escape-html-1.0.3.tgz#0258eae4d3d0c0974de1c169188ef0051d1d1988"
    integrity sha1-Aljq5NPQwJdN4cFpGI7wBR0dGYg=
  
  fresh@~0.5.2:
    version "0.5.2"
    resolved "https://registry.npm.taobao.org/fresh/download/fresh-0.5.2.tgz#3d8cadd90d976569fa835ab1f8e4b23a105605a7"
    integrity sha1-PYyt2Q2XZWn6g1qx+OSyOhBWBac=
  
  http-assert@^1.3.0:
    version "1.4.1"
    resolved "https://registry.npm.taobao.org/http-assert/download/http-assert-1.4.1.tgz#c5f725d677aa7e873ef736199b89686cceb37878"
    integrity sha1-xfcl1neqfoc+9zYZm4lobM6zeHg=
    dependencies:
      deep-equal "~1.0.1"
      http-errors "~1.7.2"
  
  http-errors@1.7.3, http-errors@^1.3.1, http-errors@^1.6.3, http-errors@~1.7.2:
    version "1.7.3"
    resolved "https://registry.npm.taobao.org/http-errors/download/http-errors-1.7.3.tgz?cache=0&sync_timestamp=1561418493658&other_urls=https%3A%2F%2Fregistry.npm.taobao.org%2Fhttp-errors%2Fdownload%2Fhttp-errors-1.7.3.tgz#6c619e4f9c60308c38519498c14fbb10aacebb06"
    integrity sha1-bGGeT5xgMIw4UZSYwU+7EKrOuwY=
    dependencies:
      depd "~1.1.2"
      inherits "2.0.4"
      setprototypeof "1.1.1"
      statuses ">= 1.5.0 < 2"
      toidentifier "1.0.0"
  
  iconv-lite@0.4.24:
    version "0.4.24"
    resolved "https://registry.npm.taobao.org/iconv-lite/download/iconv-lite-0.4.24.tgz#2022b4b25fbddc21d2f524974a474aafe733908b"
    integrity sha1-ICK0sl+93CHS9SSXSkdKr+czkIs=
    dependencies:
      safer-buffer ">= 2.1.2 < 3"
  
  inflation@^2.0.0:
    version "2.0.0"
    resolved "https://registry.npm.taobao.org/inflation/download/inflation-2.0.0.tgz#8b417e47c28f925a45133d914ca1fd389107f30f"
    integrity sha1-i0F+R8KPklpFEz2RTKH9OJEH8w8=
  
  inherits@2.0.3:
    version "2.0.3"
    resolved "https://registry.npm.taobao.org/inherits/download/inherits-2.0.3.tgz?cache=0&other_urls=https%3A%2F%2Fregistry.npm.taobao.org%2Finherits%2Fdownload%2Finherits-2.0.3.tgz#633c2c83e3da42a502f52466022480f4208261de"
    integrity sha1-Yzwsg+PaQqUC9SRmAiSA9CCCYd4=
  
  inherits@2.0.4, inherits@~2.0.3:
    version "2.0.4"
    resolved "https://registry.npm.taobao.org/inherits/download/inherits-2.0.4.tgz?cache=0&other_urls=https%3A%2F%2Fregistry.npm.taobao.org%2Finherits%2Fdownload%2Finherits-2.0.4.tgz#0fa2c64f932917c3433a0ded55363aae37416b7c"
    integrity sha1-D6LGT5MpF8NDOg3tVTY6rjdBa3w=
  
  ioredis@^4.14.1:
    version "4.14.1"
    resolved "https://registry.npm.taobao.org/ioredis/download/ioredis-4.14.1.tgz#b73ded95fcf220f106d33125a92ef6213aa31318"
    integrity sha1-tz3tlfzyIPEG0zElqS72ITqjExg=
    dependencies:
      cluster-key-slot "^1.1.0"
      debug "^4.1.1"
      denque "^1.1.0"
      lodash.defaults "^4.2.0"
      lodash.flatten "^4.4.0"
      redis-commands "1.5.0"
      redis-errors "^1.2.0"
      redis-parser "^3.0.0"
      standard-as-callback "^2.0.1"
  
  is-generator-function@^1.0.7:
    version "1.0.7"
    resolved "https://registry.npm.taobao.org/is-generator-function/download/is-generator-function-1.0.7.tgz#d2132e529bb0000a7f80794d4bdf5cd5e5813522"
    integrity sha1-0hMuUpuwAAp/gHlNS99c1eWBNSI=
  
  isarray@0.0.1:
    version "0.0.1"
    resolved "https://registry.npm.taobao.org/isarray/download/isarray-0.0.1.tgz?cache=0&sync_timestamp=1562592096220&other_urls=https%3A%2F%2Fregistry.npm.taobao.org%2Fisarray%2Fdownload%2Fisarray-0.0.1.tgz#8a18acfca9a8f4177e09abfc6038939b05d1eedf"
    integrity sha1-ihis/Kmo9Bd+Cav8YDiTmwXR7t8=
  
  isarray@~1.0.0:
    version "1.0.0"
    resolved "https://registry.npm.taobao.org/isarray/download/isarray-1.0.0.tgz?cache=0&sync_timestamp=1562592096220&other_urls=https%3A%2F%2Fregistry.npm.taobao.org%2Fisarray%2Fdownload%2Fisarray-1.0.0.tgz#bb935d48582cba168c06834957a54a3e07124f11"
    integrity sha1-u5NdSFgsuhaMBoNJV6VKPgcSTxE=
  
  keygrip@~1.1.0:
    version "1.1.0"
    resolved "https://registry.npm.taobao.org/keygrip/download/keygrip-1.1.0.tgz#871b1681d5e159c62a445b0c74b615e0917e7226"
    integrity sha1-hxsWgdXhWcYqRFsMdLYV4JF+ciY=
    dependencies:
      tsscmp "1.0.6"
  
  koa-bodyparser@^4.2.1:
    version "4.2.1"
    resolved "https://registry.npm.taobao.org/koa-bodyparser/download/koa-bodyparser-4.2.1.tgz#4d7dacb5e6db1106649b595d9e5ccb158b6f3b29"
    integrity sha1-TX2stebbEQZkm1ldnlzLFYtvOyk=
    dependencies:
      co-body "^6.0.0"
      copy-to "^2.0.1"
  
  koa-compose@^3.0.0:
    version "3.2.1"
    resolved "https://registry.npm.taobao.org/koa-compose/download/koa-compose-3.2.1.tgz#a85ccb40b7d986d8e5a345b3a1ace8eabcf54de7"
    integrity sha1-qFzLQLfZhtjlo0Wzoazo6rz1Tec=
    dependencies:
      any-promise "^1.1.0"
  
  koa-compose@^4.1.0:
    version "4.1.0"
    resolved "https://registry.npm.taobao.org/koa-compose/download/koa-compose-4.1.0.tgz#507306b9371901db41121c812e923d0d67d3e877"
    integrity sha1-UHMGuTcZAdtBEhyBLpI9DWfT6Hc=
  
  koa-convert@^1.2.0:
    version "1.2.0"
    resolved "https://registry.npm.taobao.org/koa-convert/download/koa-convert-1.2.0.tgz#da40875df49de0539098d1700b50820cebcd21d0"
    integrity sha1-2kCHXfSd4FOQmNFwC1CCDOvNIdA=
    dependencies:
      co "^4.6.0"
      koa-compose "^3.0.0"
  
  koa-is-json@^1.0.0:
    version "1.0.0"
    resolved "https://registry.npm.taobao.org/koa-is-json/download/koa-is-json-1.0.0.tgz#273c07edcdcb8df6a2c1ab7d59ee76491451ec14"
    integrity sha1-JzwH7c3Ljfaiwat9We52SRRR7BQ=
  
  koa-json-error@^3.1.2:
    version "3.1.2"
    resolved "https://registry.npm.taobao.org/koa-json-error/download/koa-json-error-3.1.2.tgz#acad750c6739cb12cc4ea6c25f224d59b765abfe"
    integrity sha1-rK11DGc5yxLMTqbCXyJNWbdlq/4=
    dependencies:
      lodash.compact "^3.0.1"
      lodash.curry "^4.1.1"
  
  koa-parameter@^3.0.1:
    version "3.0.1"
    resolved "https://registry.npm.taobao.org/koa-parameter/download/koa-parameter-3.0.1.tgz#b0645f2412eadb79d3a1808d17ed30824a54c887"
    integrity sha1-sGRfJBLq23nToYCNF+0wgkpUyIc=
    dependencies:
      parameter "^2.2.0"
  
  koa-router@^7.4.0:
    version "7.4.0"
    resolved "https://registry.npm.taobao.org/koa-router/download/koa-router-7.4.0.tgz#aee1f7adc02d5cb31d7d67465c9eacc825e8c5e0"
    integrity sha1-ruH3rcAtXLMdfWdGXJ6syCXoxeA=
    dependencies:
      debug "^3.1.0"
      http-errors "^1.3.1"
      koa-compose "^3.0.0"
      methods "^1.0.1"
      path-to-regexp "^1.1.1"
      urijs "^1.19.0"
  
  koa@^2.10.0:
    version "2.10.0"
    resolved "https://registry.npm.taobao.org/koa/download/koa-2.10.0.tgz?cache=0&other_urls=https%3A%2F%2Fregistry.npm.taobao.org%2Fkoa%2Fdownload%2Fkoa-2.10.0.tgz#86a583ff280896dce3a36b0b6dae80f9559240d3"
    integrity sha1-hqWD/ygIltzjo2sLba6A+VWSQNM=
    dependencies:
      accepts "^1.3.5"
      cache-content-type "^1.0.0"
      content-disposition "~0.5.2"
      content-type "^1.0.4"
      cookies "~0.8.0"
      debug "~3.1.0"
      delegates "^1.0.0"
      depd "^1.1.2"
      destroy "^1.0.4"
      encodeurl "^1.0.2"
      error-inject "^1.0.0"
      escape-html "^1.0.3"
      fresh "~0.5.2"
      http-assert "^1.3.0"
      http-errors "^1.6.3"
      is-generator-function "^1.0.7"
      koa-compose "^4.1.0"
      koa-convert "^1.2.0"
      koa-is-json "^1.0.0"
      on-finished "^2.3.0"
      only "~0.0.2"
      parseurl "^1.3.2"
      statuses "^1.5.0"
      type-is "^1.6.16"
      vary "^1.1.2"
  
  lodash.compact@^3.0.1:
    version "3.0.1"
    resolved "https://registry.npm.taobao.org/lodash.compact/download/lodash.compact-3.0.1.tgz#540ce3837745975807471e16b4a2ba21e7256ca5"
    integrity sha1-VAzjg3dFl1gHRx4WtKK6IeclbKU=
  
  lodash.curry@^4.1.1:
    version "4.1.1"
    resolved "https://registry.npm.taobao.org/lodash.curry/download/lodash.curry-4.1.1.tgz#248e36072ede906501d75966200a86dab8b23170"
    integrity sha1-JI42By7ekGUB11lmIAqG2riyMXA=
  
  lodash.defaults@^4.2.0:
    version "4.2.0"
    resolved "https://registry.npm.taobao.org/lodash.defaults/download/lodash.defaults-4.2.0.tgz#d09178716ffea4dde9e5fb7b37f6f0802274580c"
    integrity sha1-0JF4cW/+pN3p5ft7N/bwgCJ0WAw=
  
  lodash.flatten@^4.4.0:
    version "4.4.0"
    resolved "https://registry.npm.taobao.org/lodash.flatten/download/lodash.flatten-4.4.0.tgz#f31c22225a9632d2bbf8e4addbef240aa765a61f"
    integrity sha1-8xwiIlqWMtK7+OSt2+8kCqdlph8=
  
  media-typer@0.3.0:
    version "0.3.0"
    resolved "https://registry.npm.taobao.org/media-typer/download/media-typer-0.3.0.tgz#8710d7af0aa626f8fffa1ce00168545263255748"
    integrity sha1-hxDXrwqmJvj/+hzgAWhUUmMlV0g=
  
  methods@^1.0.1:
    version "1.1.2"
    resolved "https://registry.npm.taobao.org/methods/download/methods-1.1.2.tgz#5529a4d67654134edcc5266656835b0f851afcee"
    integrity sha1-VSmk1nZUE07cxSZmVoNbD4Ua/O4=
  
  mime-db@1.40.0:
    version "1.40.0"
    resolved "https://registry.npm.taobao.org/mime-db/download/mime-db-1.40.0.tgz?cache=0&sync_timestamp=1569468742433&other_urls=https%3A%2F%2Fregistry.npm.taobao.org%2Fmime-db%2Fdownload%2Fmime-db-1.40.0.tgz#a65057e998db090f732a68f6c276d387d4126c32"
    integrity sha1-plBX6ZjbCQ9zKmj2wnbTh9QSbDI=
  
  mime-types@^2.1.18, mime-types@~2.1.24:
    version "2.1.24"
    resolved "https://registry.npm.taobao.org/mime-types/download/mime-types-2.1.24.tgz#b6f8d0b3e951efb77dedeca194cff6d16f676f81"
    integrity sha1-tvjQs+lR77d97eyhlM/20W9nb4E=
    dependencies:
      mime-db "1.40.0"
  
  ms@2.0.0:
    version "2.0.0"
    resolved "https://registry.npm.taobao.org/ms/download/ms-2.0.0.tgz#5608aeadfc00be6c2901df5f9861788de0d597c8"
    integrity sha1-VgiurfwAvmwpAd9fmGF4jeDVl8g=
  
  ms@^2.1.1:
    version "2.1.2"
    resolved "https://registry.npm.taobao.org/ms/download/ms-2.1.2.tgz#d09d1f357b443f493382a8eb3ccd183872ae6009"
    integrity sha1-0J0fNXtEP0kzgqjrPM0YOHKuYAk=
  
  mysql@^2.17.1:
    version "2.17.1"
    resolved "https://registry.npm.taobao.org/mysql/download/mysql-2.17.1.tgz#62bba4a039a9b2f73638cd1652ce50fc6f682899"
    integrity sha1-YrukoDmpsvc2OM0WUs5Q/G9oKJk=
    dependencies:
      bignumber.js "7.2.1"
      readable-stream "2.3.6"
      safe-buffer "5.1.2"
      sqlstring "2.3.1"
  
  negotiator@0.6.2:
    version "0.6.2"
    resolved "https://registry.npm.taobao.org/negotiator/download/negotiator-0.6.2.tgz#feacf7ccf525a77ae9634436a64883ffeca346fb"
    integrity sha1-/qz3zPUlp3rpY0Q2pkiD/+yjRvs=
  
  on-finished@^2.3.0:
    version "2.3.0"
    resolved "https://registry.npm.taobao.org/on-finished/download/on-finished-2.3.0.tgz#20f1336481b083cd75337992a16971aa2d906947"
    integrity sha1-IPEzZIGwg811M3mSoWlxqi2QaUc=
    dependencies:
      ee-first "1.1.1"
  
  only@~0.0.2:
    version "0.0.2"
    resolved "https://registry.npm.taobao.org/only/download/only-0.0.2.tgz#2afde84d03e50b9a8edc444e30610a70295edfb4"
    integrity sha1-Kv3oTQPlC5qO3EROMGEKcCle37Q=
  
  parameter@^2.2.0:
    version "2.4.0"
    resolved "https://registry.npm.taobao.org/parameter/download/parameter-2.4.0.tgz#85ea52e9dfee80265a07b086edbc352e68b39733"
    integrity sha1-hepS6d/ugCZaB7CG7bw1LmizlzM=
  
  parseurl@^1.3.2:
    version "1.3.3"
    resolved "https://registry.npm.taobao.org/parseurl/download/parseurl-1.3.3.tgz#9da19e7bee8d12dff0513ed5b76957793bc2e8d4"
    integrity sha1-naGee+6NEt/wUT7Vt2lXeTvC6NQ=
  
  path-to-regexp@^1.1.1:
    version "1.7.0"
    resolved "https://registry.npm.taobao.org/path-to-regexp/download/path-to-regexp-1.7.0.tgz?cache=0&other_urls=https%3A%2F%2Fregistry.npm.taobao.org%2Fpath-to-regexp%2Fdownload%2Fpath-to-regexp-1.7.0.tgz#59fde0f435badacba103a84e9d3bc64e96b9937d"
    integrity sha1-Wf3g9DW62suhA6hOnTvGTpa5k30=
    dependencies:
      isarray "0.0.1"
  
  path@^0.12.7:
    version "0.12.7"
    resolved "https://registry.npm.taobao.org/path/download/path-0.12.7.tgz#d4dc2a506c4ce2197eb481ebfcd5b36c0140b10f"
    integrity sha1-1NwqUGxM4hl+tIHr/NWzbAFAsQ8=
    dependencies:
      process "^0.11.1"
      util "^0.10.3"
  
  process-nextick-args@~2.0.0:
    version "2.0.1"
    resolved "https://registry.npm.taobao.org/process-nextick-args/download/process-nextick-args-2.0.1.tgz#7820d9b16120cc55ca9ae7792680ae7dba6d7fe2"
    integrity sha1-eCDZsWEgzFXKmud5JoCufbptf+I=
  
  process@^0.11.1:
    version "0.11.10"
    resolved "https://registry.npm.taobao.org/process/download/process-0.11.10.tgz#7332300e840161bda3e69a1d1d91a7d4bc16f182"
    integrity sha1-czIwDoQBYb2j5podHZGn1LwW8YI=
  
  qs@^6.5.2:
    version "6.9.0"
    resolved "https://registry.npm.taobao.org/qs/download/qs-6.9.0.tgz#d1297e2a049c53119cb49cca366adbbacc80b409"
    integrity sha1-0Sl+KgScUxGctJzKNmrbusyAtAk=
  
  raw-body@^2.3.3:
    version "2.4.1"
    resolved "https://registry.npm.taobao.org/raw-body/download/raw-body-2.4.1.tgz#30ac82f98bb5ae8c152e67149dac8d55153b168c"
    integrity sha1-MKyC+Yu1rowVLmcUnayNVRU7Fow=
    dependencies:
      bytes "3.1.0"
      http-errors "1.7.3"
      iconv-lite "0.4.24"
      unpipe "1.0.0"
  
  readable-stream@2.3.6:
    version "2.3.6"
    resolved "https://registry.npm.taobao.org/readable-stream/download/readable-stream-2.3.6.tgz?cache=0&other_urls=https%3A%2F%2Fregistry.npm.taobao.org%2Freadable-stream%2Fdownload%2Freadable-stream-2.3.6.tgz#b11c27d88b8ff1fbe070643cf94b0c79ae1b0aaf"
    integrity sha1-sRwn2IuP8fvgcGQ8+UsMea4bCq8=
    dependencies:
      core-util-is "~1.0.0"
      inherits "~2.0.3"
      isarray "~1.0.0"
      process-nextick-args "~2.0.0"
      safe-buffer "~5.1.1"
      string_decoder "~1.1.1"
      util-deprecate "~1.0.1"
  
  redis-commands@1.5.0:
    version "1.5.0"
    resolved "https://registry.npm.taobao.org/redis-commands/download/redis-commands-1.5.0.tgz#80d2e20698fe688f227127ff9e5164a7dd17e785"
    integrity sha1-gNLiBpj+aI8icSf/nlFkp90X54U=
  
  redis-errors@^1.0.0, redis-errors@^1.2.0:
    version "1.2.0"
    resolved "https://registry.npm.taobao.org/redis-errors/download/redis-errors-1.2.0.tgz#eb62d2adb15e4eaf4610c04afe1529384250abad"
    integrity sha1-62LSrbFeTq9GEMBK/hUpOEJQq60=
  
  redis-parser@^3.0.0:
    version "3.0.0"
    resolved "https://registry.npm.taobao.org/redis-parser/download/redis-parser-3.0.0.tgz#b66d828cdcafe6b4b8a428a7def4c6bcac31c8b4"
    integrity sha1-tm2CjNyv5rS4pCin3vTGvKwxyLQ=
    dependencies:
      redis-errors "^1.0.0"
  
  safe-buffer@5.1.2, safe-buffer@~5.1.0, safe-buffer@~5.1.1:
    version "5.1.2"
    resolved "https://registry.npm.taobao.org/safe-buffer/download/safe-buffer-5.1.2.tgz?cache=0&sync_timestamp=1562377642757&other_urls=https%3A%2F%2Fregistry.npm.taobao.org%2Fsafe-buffer%2Fdownload%2Fsafe-buffer-5.1.2.tgz#991ec69d296e0313747d59bdfd2b745c35f8828d"
    integrity sha1-mR7GnSluAxN0fVm9/St0XDX4go0=
  
  "safer-buffer@>= 2.1.2 < 3":
    version "2.1.2"
    resolved "https://registry.npm.taobao.org/safer-buffer/download/safer-buffer-2.1.2.tgz?cache=0&other_urls=https%3A%2F%2Fregistry.npm.taobao.org%2Fsafer-buffer%2Fdownload%2Fsafer-buffer-2.1.2.tgz#44fa161b0187b9549dd84bb91802f9bd8385cd6a"
    integrity sha1-RPoWGwGHuVSd2Eu5GAL5vYOFzWo=
  
  setprototypeof@1.1.1:
    version "1.1.1"
    resolved "https://registry.npm.taobao.org/setprototypeof/download/setprototypeof-1.1.1.tgz#7e95acb24aa92f5885e0abef5ba131330d4ae683"
    integrity sha1-fpWsskqpL1iF4KvvW6ExMw1K5oM=
  
  sqlstring@2.3.1:
    version "2.3.1"
    resolved "https://registry.npm.taobao.org/sqlstring/download/sqlstring-2.3.1.tgz#475393ff9e91479aea62dcaf0ca3d14983a7fb40"
    integrity sha1-R1OT/56RR5rqYtyvDKPRSYOn+0A=
  
  standard-as-callback@^2.0.1:
    version "2.0.1"
    resolved "https://registry.npm.taobao.org/standard-as-callback/download/standard-as-callback-2.0.1.tgz#ed8bb25648e15831759b6023bdb87e6b60b38126"
    integrity sha1-7YuyVkjhWDF1m2Ajvbh+a2CzgSY=
  
  "statuses@>= 1.5.0 < 2", statuses@^1.5.0:
    version "1.5.0"
    resolved "https://registry.npm.taobao.org/statuses/download/statuses-1.5.0.tgz#161c7dac177659fd9811f43771fa99381478628c"
    integrity sha1-Fhx9rBd2Wf2YEfQ3cfqZOBR4Yow=
  
  string_decoder@~1.1.1:
    version "1.1.1"
    resolved "https://registry.npm.taobao.org/string_decoder/download/string_decoder-1.1.1.tgz#9cf1611ba62685d7030ae9e4ba34149c3af03fc8"
    integrity sha1-nPFhG6YmhdcDCunkujQUnDrwP8g=
    dependencies:
      safe-buffer "~5.1.0"
  
  toidentifier@1.0.0:
    version "1.0.0"
    resolved "https://registry.npm.taobao.org/toidentifier/download/toidentifier-1.0.0.tgz#7e1be3470f1e77948bc43d94a3c8f4d7752ba553"
    integrity sha1-fhvjRw8ed5SLxD2Uo8j013UrpVM=
  
  tsscmp@1.0.6:
    version "1.0.6"
    resolved "https://registry.npm.taobao.org/tsscmp/download/tsscmp-1.0.6.tgz#85b99583ac3589ec4bfef825b5000aa911d605eb"
    integrity sha1-hbmVg6w1iexL/vgltQAKqRHWBes=
  
  type-is@^1.6.16:
    version "1.6.18"
    resolved "https://registry.npm.taobao.org/type-is/download/type-is-1.6.18.tgz#4e552cd05df09467dcbc4ef739de89f2cf37c131"
    integrity sha1-TlUs0F3wlGfcvE73Od6J8s83wTE=
    dependencies:
      media-typer "0.3.0"
      mime-types "~2.1.24"
  
  unpipe@1.0.0:
    version "1.0.0"
    resolved "https://registry.npm.taobao.org/unpipe/download/unpipe-1.0.0.tgz#b2bf4ee8514aae6165b4817829d21b2ef49904ec"
    integrity sha1-sr9O6FFKrmFltIF4KdIbLvSZBOw=
  
  urijs@^1.19.0:
    version "1.19.2"
    resolved "https://registry.npm.taobao.org/urijs/download/urijs-1.19.2.tgz#f9be09f00c4c5134b7cb3cf475c1dd394526265a"
    integrity sha1-+b4J8AxMUTS3yzz0dcHdOUUmJlo=
  
  util-deprecate@~1.0.1:
    version "1.0.2"
    resolved "https://registry.npm.taobao.org/util-deprecate/download/util-deprecate-1.0.2.tgz#450d4dc9fa70de732762fbd2d4a28981419a0ccf"
    integrity sha1-RQ1Nyfpw3nMnYvvS1KKJgUGaDM8=
  
  util@^0.10.3:
    version "0.10.4"
    resolved "https://registry.npm.taobao.org/util/download/util-0.10.4.tgz#3aa0125bfe668a4672de58857d3ace27ecb76901"
    integrity sha1-OqASW/5mikZy3liFfTrOJ+y3aQE=
    dependencies:
      inherits "2.0.3"
  
  vary@^1.1.2:
    version "1.1.2"
    resolved "https://registry.npm.taobao.org/vary/download/vary-1.1.2.tgz#2299f02c6ded30d4a5961b0b9f74524a18f634fc"
    integrity sha1-IpnwLG3tMNSllhsLn3RSShj2NPw=
  
  ylru@^1.2.0:
    version "1.2.1"
    resolved "https://registry.npm.taobao.org/ylru/download/ylru-1.2.1.tgz#f576b63341547989c1de7ba288760923b27fe84f"
    integrity sha1-9Xa2M0FUeYnB3nuiiHYJI7J/6E8=
